<?xml version="1.0" encoding="UTF-8"?>
<testng-results ignored="0" total="1" passed="1" failed="0" skipped="0">
  <reporter-output>
  </reporter-output>
  <suite started-at="2024-11-30T20:23:44 IST" name="Default suite" finished-at="2024-11-30T20:23:50 IST" duration-ms="6383">
    <groups>
    </groups>
    <test started-at="2024-11-30T20:23:44 IST" name="Default test" finished-at="2024-11-30T20:23:50 IST" duration-ms="6383">
      <class name="testNG.Gurudemo">
        <test-method is-config="true" signature="setUp()[pri:0, instance:testNG.Gurudemo@6d4d66d2]" started-at="2024-11-30T20:23:44 IST" name="setUp" finished-at="2024-11-30T20:23:49 IST" duration-ms="5613" status="PASS">
          <reporter-output>
          </reporter-output>
        </test-method> <!-- setUp -->
        <test-method signature="clicks()[pri:0, instance:testNG.Gurudemo@6d4d66d2]" started-at="2024-11-30T20:23:49 IST" name="clicks" finished-at="2024-11-30T20:23:50 IST" duration-ms="701" status="PASS">
          <reporter-output>
          </reporter-output>
        </test-method> <!-- clicks -->
      </class> <!-- testNG.Gurudemo -->
    </test> <!-- Default test -->
  </suite> <!-- Default suite -->
</testng-results>
